[2020-06-08 03:00:24,654] INFO [GroupCoordinator 0]: Preparing to rebalance group word-count-app in state PreparingRebalance with old generation 0 (__consumer_offsets-20) (reason: Adding new member word-count-app-30ed51dc-f0a2-4fb2-a091-e66721722184-StreamThread-1-consumer-bb1f6ff6-8f59-4906-93e3-6057c6879da0 with group instance id None) (kafka.coordinator.group.GroupCoordinator)
[2020-06-08 03:00:24,658] INFO [GroupCoordinator 0]: Stabilized group word-count-app generation 1 (__consumer_offsets-20) (kafka.coordinator.group.GroupCoordinator)
[2020-06-08 03:00:24,696] INFO [GroupCoordinator 0]: Assignment received from leader for group word-count-app for generation 1 (kafka.coordinator.group.GroupCoordinator)
[2020-06-08 03:02:54,685] INFO [GroupCoordinator 0]: Preparing to rebalance group word-count-app in state PreparingRebalance with old generation 1 (__consumer_offsets-20) (reason: Adding new member word-count-app-fb5c771b-141e-4127-a953-a65d3eade262-StreamThread-1-consumer-61c2dc8d-4a42-4ebc-b35b-5e44b569d3e9 with group instance id None) (kafka.coordinator.group.GroupCoordinator)
[2020-06-08 03:02:55,826] INFO [GroupCoordinator 0]: Member word-count-app-30ed51dc-f0a2-4fb2-a091-e66721722184-StreamThread-1-consumer-bb1f6ff6-8f59-4906-93e3-6057c6879da0 in group word-count-app has failed, removing it from the group (kafka.coordinator.group.GroupCoordinator)
[2020-06-08 03:02:55,826] INFO [GroupCoordinator 0]: Stabilized group word-count-app generation 2 (__consumer_offsets-20) (kafka.coordinator.group.GroupCoordinator)
[2020-06-08 03:02:55,852] INFO [GroupCoordinator 0]: Assignment received from leader for group word-count-app for generation 2 (kafka.coordinator.group.GroupCoordinator)
[2020-06-08 03:07:55,151] INFO [Log partition=word-count-app-Counts-repartition-1, dir=/tmp/kafka-logs] Incrementing log start offset to 2 (kafka.log.Log)
[2020-06-08 03:07:55,157] INFO [Log partition=word-count-app-Counts-repartition-0, dir=/tmp/kafka-logs] Incrementing log start offset to 5 (kafka.log.Log)
[2020-06-08 03:08:12,918] INFO [GroupMetadataManager brokerId=0] Removed 0 expired offsets in 1 milliseconds. (kafka.coordinator.group.GroupMetadataManager)
[2020-06-08 03:08:25,194] INFO [Log partition=word-count-app-Counts-repartition-0, dir=/tmp/kafka-logs] Incrementing log start offset to 10 (kafka.log.Log)
[2020-06-08 03:09:25,365] INFO [Log partition=word-count-app-Counts-repartition-1, dir=/tmp/kafka-logs] Incrementing log start offset to 5 (kafka.log.Log)
[2020-06-08 03:10:25,519] INFO [Log partition=word-count-app-Counts-repartition-1, dir=/tmp/kafka-logs] Incrementing log start offset to 8 (kafka.log.Log)
[2020-06-08 03:10:25,520] INFO [Log partition=word-count-app-Counts-repartition-0, dir=/tmp/kafka-logs] Incrementing log start offset to 13 (kafka.log.Log)
[2020-06-08 03:11:03,070] INFO [GroupCoordinator 0]: Member word-count-app-fb5c771b-141e-4127-a953-a65d3eade262-StreamThread-1-consumer-61c2dc8d-4a42-4ebc-b35b-5e44b569d3e9 in group word-count-app has failed, removing it from the group (kafka.coordinator.group.GroupCoordinator)
[2020-06-08 03:11:03,070] INFO [GroupCoordinator 0]: Preparing to rebalance group word-count-app in state PreparingRebalance with old generation 2 (__consumer_offsets-20) (reason: removing member word-count-app-fb5c771b-141e-4127-a953-a65d3eade262-StreamThread-1-consumer-61c2dc8d-4a42-4ebc-b35b-5e44b569d3e9 on heartbeat expiration) (kafka.coordinator.group.GroupCoordinator)
[2020-06-08 03:11:03,071] INFO [GroupCoordinator 0]: Group word-count-app with generation 3 is now empty (__consumer_offsets-20) (kafka.coordinator.group.GroupCoordinator)
[2020-06-08 03:11:57,842] INFO [GroupCoordinator 0]: Preparing to rebalance group word-count-app in state PreparingRebalance with old generation 3 (__consumer_offsets-20) (reason: Adding new member word-count-app-62aeb349-2eef-497e-a3d0-c4f885c26c89-StreamThread-1-consumer-e9696a8f-fb30-4b37-b44b-4ff6c6b0e25c with group instance id None) (kafka.coordinator.group.GroupCoordinator)
[2020-06-08 03:11:57,843] INFO [GroupCoordinator 0]: Stabilized group word-count-app generation 4 (__consumer_offsets-20) (kafka.coordinator.group.GroupCoordinator)
[2020-06-08 03:11:57,869] INFO [GroupCoordinator 0]: Assignment received from leader for group word-count-app for generation 4 (kafka.coordinator.group.GroupCoordinator)
[2020-06-08 03:12:27,794] INFO [Log partition=word-count-app-Counts-repartition-1, dir=/tmp/kafka-logs] Incrementing log start offset to 10 (kafka.log.Log)
[2020-06-08 03:12:27,795] INFO [Log partition=word-count-app-Counts-repartition-0, dir=/tmp/kafka-logs] Incrementing log start offset to 14 (kafka.log.Log)
[2020-06-08 03:13:12,545] INFO [GroupCoordinator 0]: Member[group.instance.id None, member.id consumer-console-consumer-38517-1-f8e48ec5-3146-4c3a-a4ac-b9c0cd7c420b] in group console-consumer-38517 has left, removing it from the group (kafka.coordinator.group.GroupCoordinator)
[2020-06-08 03:13:12,545] INFO [GroupCoordinator 0]: Preparing to rebalance group console-consumer-38517 in state PreparingRebalance with old generation 1 (__consumer_offsets-25) (reason: removing member consumer-console-consumer-38517-1-f8e48ec5-3146-4c3a-a4ac-b9c0cd7c420b on LeaveGroup) (kafka.coordinator.group.GroupCoordinator)
[2020-06-08 03:13:12,545] INFO [GroupCoordinator 0]: Group console-consumer-38517 with generation 2 is now empty (__consumer_offsets-25) (kafka.coordinator.group.GroupCoordinator)
[2020-06-08 03:13:21,589] INFO Terminating process due to signal SIGINT (org.apache.kafka.common.utils.LoggingSignalHandler)
[2020-06-08 03:13:21,595] INFO [KafkaServer id=0] shutting down (kafka.server.KafkaServer)
[2020-06-08 03:13:21,599] INFO [KafkaServer id=0] Starting controlled shutdown (kafka.server.KafkaServer)
[2020-06-08 03:13:21,629] INFO [KafkaServer id=0] Controlled shutdown succeeded (kafka.server.KafkaServer)
[2020-06-08 03:13:21,633] INFO [/config/changes-event-process-thread]: Shutting down (kafka.common.ZkNodeChangeNotificationListener$ChangeEventProcessThread)
[2020-06-08 03:13:21,635] INFO [/config/changes-event-process-thread]: Shutdown completed (kafka.common.ZkNodeChangeNotificationListener$ChangeEventProcessThread)
[2020-06-08 03:13:21,635] INFO [/config/changes-event-process-thread]: Stopped (kafka.common.ZkNodeChangeNotificationListener$ChangeEventProcessThread)
[2020-06-08 03:13:21,635] INFO [SocketServer brokerId=0] Stopping socket server request processors (kafka.network.SocketServer)
[2020-06-08 03:13:21,651] INFO [SocketServer brokerId=0] Stopped socket server request processors (kafka.network.SocketServer)
[2020-06-08 03:13:21,652] INFO [data-plane Kafka Request Handler on Broker 0], shutting down (kafka.server.KafkaRequestHandlerPool)
[2020-06-08 03:13:21,655] INFO [data-plane Kafka Request Handler on Broker 0], shut down completely (kafka.server.KafkaRequestHandlerPool)
[2020-06-08 03:13:21,659] INFO [ExpirationReaper-0-AlterAcls]: Shutting down (kafka.server.DelayedOperationPurgatory$ExpiredOperationReaper)
[2020-06-08 03:13:21,687] INFO [ExpirationReaper-0-AlterAcls]: Stopped (kafka.server.DelayedOperationPurgatory$ExpiredOperationReaper)
[2020-06-08 03:13:21,687] INFO [ExpirationReaper-0-AlterAcls]: Shutdown completed (kafka.server.DelayedOperationPurgatory$ExpiredOperationReaper)
[2020-06-08 03:13:21,688] INFO [KafkaApi-0] Shutdown complete. (kafka.server.KafkaApis)
[2020-06-08 03:13:21,690] INFO [ExpirationReaper-0-topic]: Shutting down (kafka.server.DelayedOperationPurgatory$ExpiredOperationReaper)
[2020-06-08 03:13:21,725] INFO [ExpirationReaper-0-topic]: Stopped (kafka.server.DelayedOperationPurgatory$ExpiredOperationReaper)
[2020-06-08 03:13:21,725] INFO [ExpirationReaper-0-topic]: Shutdown completed (kafka.server.DelayedOperationPurgatory$ExpiredOperationReaper)
[2020-06-08 03:13:21,728] INFO [TransactionCoordinator id=0] Shutting down. (kafka.coordinator.transaction.TransactionCoordinator)
[2020-06-08 03:13:21,730] INFO [ProducerId Manager 0]: Shutdown complete: last producerId assigned 3000 (kafka.coordinator.transaction.ProducerIdManager)
[2020-06-08 03:13:21,732] INFO [Transaction State Manager 0]: Shutdown complete (kafka.coordinator.transaction.TransactionStateManager)
[2020-06-08 03:13:21,732] INFO [Transaction Marker Channel Manager 0]: Shutting down (kafka.coordinator.transaction.TransactionMarkerChannelManager)
[2020-06-08 03:13:21,732] INFO [Transaction Marker Channel Manager 0]: Shutdown completed (kafka.coordinator.transaction.TransactionMarkerChannelManager)
[2020-06-08 03:13:21,732] INFO [Transaction Marker Channel Manager 0]: Stopped (kafka.coordinator.transaction.TransactionMarkerChannelManager)
[2020-06-08 03:13:21,733] INFO [TransactionCoordinator id=0] Shutdown complete. (kafka.coordinator.transaction.TransactionCoordinator)
[2020-06-08 03:13:21,734] INFO [GroupCoordinator 0]: Shutting down. (kafka.coordinator.group.GroupCoordinator)
[2020-06-08 03:13:21,734] INFO [ExpirationReaper-0-Heartbeat]: Shutting down (kafka.server.DelayedOperationPurgatory$ExpiredOperationReaper)
[2020-06-08 03:13:21,781] INFO [ExpirationReaper-0-Heartbeat]: Stopped (kafka.server.DelayedOperationPurgatory$ExpiredOperationReaper)
[2020-06-08 03:13:21,781] INFO [ExpirationReaper-0-Heartbeat]: Shutdown completed (kafka.server.DelayedOperationPurgatory$ExpiredOperationReaper)
[2020-06-08 03:13:21,781] INFO [ExpirationReaper-0-Rebalance]: Shutting down (kafka.server.DelayedOperationPurgatory$ExpiredOperationReaper)
[2020-06-08 03:13:21,890] INFO [ExpirationReaper-0-Rebalance]: Stopped (kafka.server.DelayedOperationPurgatory$ExpiredOperationReaper)
[2020-06-08 03:13:21,890] INFO [ExpirationReaper-0-Rebalance]: Shutdown completed (kafka.server.DelayedOperationPurgatory$ExpiredOperationReaper)
[2020-06-08 03:13:21,892] INFO [GroupCoordinator 0]: Shutdown complete. (kafka.coordinator.group.GroupCoordinator)
[2020-06-08 03:13:21,893] INFO [ReplicaManager broker=0] Shutting down (kafka.server.ReplicaManager)
[2020-06-08 03:13:21,894] INFO [LogDirFailureHandler]: Shutting down (kafka.server.ReplicaManager$LogDirFailureHandler)
[2020-06-08 03:13:21,894] INFO [LogDirFailureHandler]: Shutdown completed (kafka.server.ReplicaManager$LogDirFailureHandler)
[2020-06-08 03:13:21,894] INFO [LogDirFailureHandler]: Stopped (kafka.server.ReplicaManager$LogDirFailureHandler)
[2020-06-08 03:13:21,895] INFO [ReplicaFetcherManager on broker 0] shutting down (kafka.server.ReplicaFetcherManager)
[2020-06-08 03:13:21,897] INFO [ReplicaFetcherManager on broker 0] shutdown completed (kafka.server.ReplicaFetcherManager)
[2020-06-08 03:13:21,897] INFO [ReplicaAlterLogDirsManager on broker 0] shutting down (kafka.server.ReplicaAlterLogDirsManager)
[2020-06-08 03:13:21,897] INFO [ReplicaAlterLogDirsManager on broker 0] shutdown completed (kafka.server.ReplicaAlterLogDirsManager)
[2020-06-08 03:13:21,897] INFO [ExpirationReaper-0-Fetch]: Shutting down (kafka.server.DelayedOperationPurgatory$ExpiredOperationReaper)
[2020-06-08 03:13:21,925] INFO [ExpirationReaper-0-Fetch]: Stopped (kafka.server.DelayedOperationPurgatory$ExpiredOperationReaper)
[2020-06-08 03:13:21,925] INFO [ExpirationReaper-0-Fetch]: Shutdown completed (kafka.server.DelayedOperationPurgatory$ExpiredOperationReaper)
[2020-06-08 03:13:21,926] INFO [ExpirationReaper-0-Produce]: Shutting down (kafka.server.DelayedOperationPurgatory$ExpiredOperationReaper)
[2020-06-08 03:13:22,091] INFO [ExpirationReaper-0-Produce]: Stopped (kafka.server.DelayedOperationPurgatory$ExpiredOperationReaper)
[2020-06-08 03:13:22,091] INFO [ExpirationReaper-0-Produce]: Shutdown completed (kafka.server.DelayedOperationPurgatory$ExpiredOperationReaper)
[2020-06-08 03:13:22,091] INFO [ExpirationReaper-0-DeleteRecords]: Shutting down (kafka.server.DelayedOperationPurgatory$ExpiredOperationReaper)
[2020-06-08 03:13:22,293] INFO [ExpirationReaper-0-DeleteRecords]: Shutdown completed (kafka.server.DelayedOperationPurgatory$ExpiredOperationReaper)
[2020-06-08 03:13:22,293] INFO [ExpirationReaper-0-DeleteRecords]: Stopped (kafka.server.DelayedOperationPurgatory$ExpiredOperationReaper)
[2020-06-08 03:13:22,294] INFO [ExpirationReaper-0-ElectLeader]: Shutting down (kafka.server.DelayedOperationPurgatory$ExpiredOperationReaper)
[2020-06-08 03:13:22,495] INFO [ExpirationReaper-0-ElectLeader]: Shutdown completed (kafka.server.DelayedOperationPurgatory$ExpiredOperationReaper)
[2020-06-08 03:13:22,495] INFO [ExpirationReaper-0-ElectLeader]: Stopped (kafka.server.DelayedOperationPurgatory$ExpiredOperationReaper)
[2020-06-08 03:13:22,497] INFO [ReplicaManager broker=0] Shut down completely (kafka.server.ReplicaManager)
[2020-06-08 03:13:22,497] INFO Shutting down. (kafka.log.LogManager)
[2020-06-08 03:13:22,539] INFO [ProducerStateManager partition=word-count-app-Counts-changelog-1] Writing producer snapshot at offset 8 (kafka.log.ProducerStateManager)
[2020-06-08 03:13:22,548] INFO [ProducerStateManager partition=word-count-input-0] Writing producer snapshot at offset 3 (kafka.log.ProducerStateManager)
[2020-06-08 03:13:22,598] INFO [ProducerStateManager partition=__consumer_offsets-25] Writing producer snapshot at offset 2 (kafka.log.ProducerStateManager)
[2020-06-08 03:13:22,676] INFO [ProducerStateManager partition=word-count-app-Counts-changelog-0] Writing producer snapshot at offset 12 (kafka.log.ProducerStateManager)
[2020-06-08 03:13:22,684] INFO [ProducerStateManager partition=__consumer_offsets-38] Writing producer snapshot at offset 3 (kafka.log.ProducerStateManager)
[2020-06-08 03:13:22,703] INFO [ProducerStateManager partition=word-count-output-1] Writing producer snapshot at offset 8 (kafka.log.ProducerStateManager)
[2020-06-08 03:13:22,714] INFO [ProducerStateManager partition=word-count-output-0] Writing producer snapshot at offset 12 (kafka.log.ProducerStateManager)
[2020-06-08 03:13:22,752] INFO [ProducerStateManager partition=__consumer_offsets-20] Writing producer snapshot at offset 28 (kafka.log.ProducerStateManager)
[2020-06-08 03:13:22,774] INFO [ProducerStateManager partition=word-count-input-1] Writing producer snapshot at offset 3 (kafka.log.ProducerStateManager)
[2020-06-08 03:13:22,786] INFO [ProducerStateManager partition=__consumer_offsets-1] Writing producer snapshot at offset 3 (kafka.log.ProducerStateManager)
[2020-06-08 03:13:22,814] INFO [ProducerStateManager partition=__consumer_offsets-40] Writing producer snapshot at offset 3 (kafka.log.ProducerStateManager)
[2020-06-08 03:13:22,834] INFO Shutdown complete. (kafka.log.LogManager)
[2020-06-08 03:13:22,840] INFO [ZooKeeperClient Kafka server] Closing. (kafka.zookeeper.ZooKeeperClient)
[2020-06-08 03:13:22,955] INFO Session: 0x1000c487ebe0000 closed (org.apache.zookeeper.ZooKeeper)
[2020-06-08 03:13:22,955] INFO EventThread shut down for session: 0x1000c487ebe0000 (org.apache.zookeeper.ClientCnxn)
[2020-06-08 03:13:22,956] INFO [ZooKeeperClient Kafka server] Closed. (kafka.zookeeper.ZooKeeperClient)
[2020-06-08 03:13:22,956] INFO [ThrottledChannelReaper-Fetch]: Shutting down (kafka.server.ClientQuotaManager$ThrottledChannelReaper)
[2020-06-08 03:13:23,905] INFO [ThrottledChannelReaper-Fetch]: Stopped (kafka.server.ClientQuotaManager$ThrottledChannelReaper)
[2020-06-08 03:13:23,905] INFO [ThrottledChannelReaper-Fetch]: Shutdown completed (kafka.server.ClientQuotaManager$ThrottledChannelReaper)
[2020-06-08 03:13:23,905] INFO [ThrottledChannelReaper-Produce]: Shutting down (kafka.server.ClientQuotaManager$ThrottledChannelReaper)
[2020-06-08 03:13:24,908] INFO [ThrottledChannelReaper-Produce]: Shutdown completed (kafka.server.ClientQuotaManager$ThrottledChannelReaper)
[2020-06-08 03:13:24,908] INFO [ThrottledChannelReaper-Produce]: Stopped (kafka.server.ClientQuotaManager$ThrottledChannelReaper)
[2020-06-08 03:13:24,908] INFO [ThrottledChannelReaper-Request]: Shutting down (kafka.server.ClientQuotaManager$ThrottledChannelReaper)
[2020-06-08 03:13:25,908] INFO [ThrottledChannelReaper-Request]: Stopped (kafka.server.ClientQuotaManager$ThrottledChannelReaper)
[2020-06-08 03:13:25,908] INFO [ThrottledChannelReaper-Request]: Shutdown completed (kafka.server.ClientQuotaManager$ThrottledChannelReaper)
[2020-06-08 03:13:25,909] INFO [SocketServer brokerId=0] Shutting down socket server (kafka.network.SocketServer)
[2020-06-08 03:13:25,925] INFO [SocketServer brokerId=0] Shutdown completed (kafka.network.SocketServer)
[2020-06-08 03:13:25,928] INFO [KafkaServer id=0] shut down completed (kafka.server.KafkaServer)
